<?xml version="1.0" encoding="UTF-8"?>
<testsuite xmlns:xsi="http://www.w3.org/2001/XMLSchema-instance" xsi:noNamespaceSchemaLocation="https://maven.apache.org/surefire/maven-surefire-plugin/xsd/surefire-test-report.xsd" name="com.example.demo.JpaCaseApplicationTests" time="0.281" tests="1" errors="1" skipped="0" failures="0">
  <properties>
    <property name="sun.desktop" value="windows"/>
    <property name="awt.toolkit" value="sun.awt.windows.WToolkit"/>
    <property name="file.encoding.pkg" value="sun.io"/>
    <property name="java.specification.version" value="1.8"/>
    <property name="sun.cpu.isalist" value="amd64"/>
    <property name="sun.jnu.encoding" value="GBK"/>
    <property name="java.class.path" value="D:\workspace-mall\WOOL\target\test-classes;D:\workspace-mall\WOOL\target\classes;D:\maven_jar\org\springframework\boot\spring-boot-starter-data-jpa\2.1.3.RELEASE\spring-boot-starter-data-jpa-2.1.3.RELEASE.jar;D:\maven_jar\org\springframework\boot\spring-boot-starter-aop\2.1.3.RELEASE\spring-boot-starter-aop-2.1.3.RELEASE.jar;D:\maven_jar\org\springframework\spring-aop\5.1.5.RELEASE\spring-aop-5.1.5.RELEASE.jar;D:\maven_jar\org\aspectj\aspectjweaver\1.9.2\aspectjweaver-1.9.2.jar;D:\maven_jar\org\springframework\boot\spring-boot-starter-jdbc\2.1.3.RELEASE\spring-boot-starter-jdbc-2.1.3.RELEASE.jar;D:\maven_jar\com\zaxxer\HikariCP\3.2.0\HikariCP-3.2.0.jar;D:\maven_jar\org\springframework\spring-jdbc\5.1.5.RELEASE\spring-jdbc-5.1.5.RELEASE.jar;D:\maven_jar\javax\transaction\javax.transaction-api\1.3\javax.transaction-api-1.3.jar;D:\maven_jar\javax\xml\bind\jaxb-api\2.3.1\jaxb-api-2.3.1.jar;D:\maven_jar\javax\activation\javax.activation-api\1.2.0\javax.activation-api-1.2.0.jar;D:\maven_jar\org\hibernate\hibernate-core\5.3.7.Final\hibernate-core-5.3.7.Final.jar;D:\maven_jar\org\jboss\logging\jboss-logging\3.3.2.Final\jboss-logging-3.3.2.Final.jar;D:\maven_jar\javax\persistence\javax.persistence-api\2.2\javax.persistence-api-2.2.jar;D:\maven_jar\org\javassist\javassist\3.23.1-GA\javassist-3.23.1-GA.jar;D:\maven_jar\net\bytebuddy\byte-buddy\1.9.10\byte-buddy-1.9.10.jar;D:\maven_jar\antlr\antlr\2.7.7\antlr-2.7.7.jar;D:\maven_jar\org\jboss\jandex\2.0.5.Final\jandex-2.0.5.Final.jar;D:\maven_jar\com\fasterxml\classmate\1.4.0\classmate-1.4.0.jar;D:\maven_jar\org\dom4j\dom4j\2.1.1\dom4j-2.1.1.jar;D:\maven_jar\org\hibernate\common\hibernate-commons-annotations\5.0.4.Final\hibernate-commons-annotations-5.0.4.Final.jar;D:\maven_jar\org\springframework\data\spring-data-jpa\2.1.5.RELEASE\spring-data-jpa-2.1.5.RELEASE.jar;D:\maven_jar\org\springframework\data\spring-data-commons\2.1.5.RELEASE\spring-data-commons-2.1.5.RELEASE.jar;D:\maven_jar\org\springframework\spring-orm\5.1.5.RELEASE\spring-orm-5.1.5.RELEASE.jar;D:\maven_jar\org\springframework\spring-tx\5.1.5.RELEASE\spring-tx-5.1.5.RELEASE.jar;D:\maven_jar\org\slf4j\slf4j-api\1.7.25\slf4j-api-1.7.25.jar;D:\maven_jar\org\springframework\spring-aspects\5.1.5.RELEASE\spring-aspects-5.1.5.RELEASE.jar;D:\maven_jar\org\springframework\boot\spring-boot-starter-web\2.1.3.RELEASE\spring-boot-starter-web-2.1.3.RELEASE.jar;D:\maven_jar\org\springframework\boot\spring-boot-starter\2.1.3.RELEASE\spring-boot-starter-2.1.3.RELEASE.jar;D:\maven_jar\org\springframework\boot\spring-boot\2.1.3.RELEASE\spring-boot-2.1.3.RELEASE.jar;D:\maven_jar\org\springframework\boot\spring-boot-autoconfigure\2.1.3.RELEASE\spring-boot-autoconfigure-2.1.3.RELEASE.jar;D:\maven_jar\javax\annotation\javax.annotation-api\1.3.2\javax.annotation-api-1.3.2.jar;D:\maven_jar\org\yaml\snakeyaml\1.23\snakeyaml-1.23.jar;D:\maven_jar\org\springframework\boot\spring-boot-starter-json\2.1.3.RELEASE\spring-boot-starter-json-2.1.3.RELEASE.jar;D:\maven_jar\com\fasterxml\jackson\core\jackson-databind\2.9.8\jackson-databind-2.9.8.jar;D:\maven_jar\com\fasterxml\jackson\core\jackson-annotations\2.9.0\jackson-annotations-2.9.0.jar;D:\maven_jar\com\fasterxml\jackson\core\jackson-core\2.9.8\jackson-core-2.9.8.jar;D:\maven_jar\com\fasterxml\jackson\datatype\jackson-datatype-jdk8\2.9.8\jackson-datatype-jdk8-2.9.8.jar;D:\maven_jar\com\fasterxml\jackson\datatype\jackson-datatype-jsr310\2.9.8\jackson-datatype-jsr310-2.9.8.jar;D:\maven_jar\com\fasterxml\jackson\module\jackson-module-parameter-names\2.9.8\jackson-module-parameter-names-2.9.8.jar;D:\maven_jar\org\springframework\boot\spring-boot-starter-tomcat\2.1.3.RELEASE\spring-boot-starter-tomcat-2.1.3.RELEASE.jar;D:\maven_jar\org\apache\tomcat\embed\tomcat-embed-core\9.0.16\tomcat-embed-core-9.0.16.jar;D:\maven_jar\org\apache\tomcat\embed\tomcat-embed-el\9.0.16\tomcat-embed-el-9.0.16.jar;D:\maven_jar\org\apache\tomcat\embed\tomcat-embed-websocket\9.0.16\tomcat-embed-websocket-9.0.16.jar;D:\maven_jar\org\hibernate\validator\hibernate-validator\6.0.14.Final\hibernate-validator-6.0.14.Final.jar;D:\maven_jar\javax\validation\validation-api\2.0.1.Final\validation-api-2.0.1.Final.jar;D:\maven_jar\org\springframework\spring-web\5.1.5.RELEASE\spring-web-5.1.5.RELEASE.jar;D:\maven_jar\org\springframework\spring-webmvc\5.1.5.RELEASE\spring-webmvc-5.1.5.RELEASE.jar;D:\maven_jar\org\springframework\spring-expression\5.1.5.RELEASE\spring-expression-5.1.5.RELEASE.jar;D:\maven_jar\mysql\mysql-connector-java\8.0.15\mysql-connector-java-8.0.15.jar;D:\maven_jar\org\springframework\boot\spring-boot-starter-logging\2.1.3.RELEASE\spring-boot-starter-logging-2.1.3.RELEASE.jar;D:\maven_jar\ch\qos\logback\logback-classic\1.2.3\logback-classic-1.2.3.jar;D:\maven_jar\ch\qos\logback\logback-core\1.2.3\logback-core-1.2.3.jar;D:\maven_jar\org\apache\logging\log4j\log4j-to-slf4j\2.11.2\log4j-to-slf4j-2.11.2.jar;D:\maven_jar\org\apache\logging\log4j\log4j-api\2.11.2\log4j-api-2.11.2.jar;D:\maven_jar\org\slf4j\jul-to-slf4j\1.7.25\jul-to-slf4j-1.7.25.jar;D:\maven_jar\org\projectlombok\lombok\1.18.6\lombok-1.18.6.jar;D:\maven_jar\com\alibaba\fastjson\1.2.56\fastjson-1.2.56.jar;D:\maven_jar\org\springframework\boot\spring-boot-starter-test\2.1.3.RELEASE\spring-boot-starter-test-2.1.3.RELEASE.jar;D:\maven_jar\org\springframework\boot\spring-boot-test\2.1.3.RELEASE\spring-boot-test-2.1.3.RELEASE.jar;D:\maven_jar\org\springframework\boot\spring-boot-test-autoconfigure\2.1.3.RELEASE\spring-boot-test-autoconfigure-2.1.3.RELEASE.jar;D:\maven_jar\com\jayway\jsonpath\json-path\2.4.0\json-path-2.4.0.jar;D:\maven_jar\net\minidev\json-smart\2.3\json-smart-2.3.jar;D:\maven_jar\net\minidev\accessors-smart\1.2\accessors-smart-1.2.jar;D:\maven_jar\org\ow2\asm\asm\5.0.4\asm-5.0.4.jar;D:\maven_jar\junit\junit\4.12\junit-4.12.jar;D:\maven_jar\org\assertj\assertj-core\3.11.1\assertj-core-3.11.1.jar;D:\maven_jar\org\mockito\mockito-core\2.23.4\mockito-core-2.23.4.jar;D:\maven_jar\net\bytebuddy\byte-buddy-agent\1.9.10\byte-buddy-agent-1.9.10.jar;D:\maven_jar\org\objenesis\objenesis\2.6\objenesis-2.6.jar;D:\maven_jar\org\hamcrest\hamcrest-core\1.3\hamcrest-core-1.3.jar;D:\maven_jar\org\hamcrest\hamcrest-library\1.3\hamcrest-library-1.3.jar;D:\maven_jar\org\skyscreamer\jsonassert\1.5.0\jsonassert-1.5.0.jar;D:\maven_jar\com\vaadin\external\google\android-json\0.0.20131108.vaadin1\android-json-0.0.20131108.vaadin1.jar;D:\maven_jar\org\springframework\spring-core\5.1.5.RELEASE\spring-core-5.1.5.RELEASE.jar;D:\maven_jar\org\springframework\spring-jcl\5.1.5.RELEASE\spring-jcl-5.1.5.RELEASE.jar;D:\maven_jar\org\springframework\spring-test\5.1.5.RELEASE\spring-test-5.1.5.RELEASE.jar;D:\maven_jar\org\xmlunit\xmlunit-core\2.6.2\xmlunit-core-2.6.2.jar;D:\maven_jar\org\apache\commons\commons-lang3\3.8.1\commons-lang3-3.8.1.jar;D:\maven_jar\commons-io\commons-io\2.4\commons-io-2.4.jar;D:\maven_jar\commons-collections\commons-collections\3.2.1\commons-collections-3.2.1.jar;D:\maven_jar\org\springframework\spring-context-support\5.1.5.RELEASE\spring-context-support-5.1.5.RELEASE.jar;D:\maven_jar\org\springframework\spring-beans\5.1.5.RELEASE\spring-beans-5.1.5.RELEASE.jar;D:\maven_jar\org\springframework\spring-context\5.1.5.RELEASE\spring-context-5.1.5.RELEASE.jar;"/>
    <property name="java.vm.vendor" value="Oracle Corporation"/>
    <property name="sun.arch.data.model" value="64"/>
    <property name="user.variant" value=""/>
    <property name="java.vendor.url" value="http://java.oracle.com/"/>
    <property name="user.timezone" value="Asia/Shanghai"/>
    <property name="java.vm.specification.version" value="1.8"/>
    <property name="os.name" value="Windows 10"/>
    <property name="user.country" value="CN"/>
    <property name="sun.java.launcher" value="SUN_STANDARD"/>
    <property name="sun.boot.library.path" value="C:\Program Files\Java\jdk1.8.0_181\jre\bin"/>
    <property name="sun.java.command" value="C:\Users\LONG~1.CHE\AppData\Local\Temp\surefire7967531872089168768\surefirebooter8017950986205136589.jar C:\Users\long.chen\AppData\Local\Temp\surefire7967531872089168768 2019-10-22T15-46-38_975-jvmRun1 surefire8525356094250405570tmp surefire_08115032121019538225tmp"/>
    <property name="surefire.test.class.path" value="D:\workspace-mall\WOOL\target\test-classes;D:\workspace-mall\WOOL\target\classes;D:\maven_jar\org\springframework\boot\spring-boot-starter-data-jpa\2.1.3.RELEASE\spring-boot-starter-data-jpa-2.1.3.RELEASE.jar;D:\maven_jar\org\springframework\boot\spring-boot-starter-aop\2.1.3.RELEASE\spring-boot-starter-aop-2.1.3.RELEASE.jar;D:\maven_jar\org\springframework\spring-aop\5.1.5.RELEASE\spring-aop-5.1.5.RELEASE.jar;D:\maven_jar\org\aspectj\aspectjweaver\1.9.2\aspectjweaver-1.9.2.jar;D:\maven_jar\org\springframework\boot\spring-boot-starter-jdbc\2.1.3.RELEASE\spring-boot-starter-jdbc-2.1.3.RELEASE.jar;D:\maven_jar\com\zaxxer\HikariCP\3.2.0\HikariCP-3.2.0.jar;D:\maven_jar\org\springframework\spring-jdbc\5.1.5.RELEASE\spring-jdbc-5.1.5.RELEASE.jar;D:\maven_jar\javax\transaction\javax.transaction-api\1.3\javax.transaction-api-1.3.jar;D:\maven_jar\javax\xml\bind\jaxb-api\2.3.1\jaxb-api-2.3.1.jar;D:\maven_jar\javax\activation\javax.activation-api\1.2.0\javax.activation-api-1.2.0.jar;D:\maven_jar\org\hibernate\hibernate-core\5.3.7.Final\hibernate-core-5.3.7.Final.jar;D:\maven_jar\org\jboss\logging\jboss-logging\3.3.2.Final\jboss-logging-3.3.2.Final.jar;D:\maven_jar\javax\persistence\javax.persistence-api\2.2\javax.persistence-api-2.2.jar;D:\maven_jar\org\javassist\javassist\3.23.1-GA\javassist-3.23.1-GA.jar;D:\maven_jar\net\bytebuddy\byte-buddy\1.9.10\byte-buddy-1.9.10.jar;D:\maven_jar\antlr\antlr\2.7.7\antlr-2.7.7.jar;D:\maven_jar\org\jboss\jandex\2.0.5.Final\jandex-2.0.5.Final.jar;D:\maven_jar\com\fasterxml\classmate\1.4.0\classmate-1.4.0.jar;D:\maven_jar\org\dom4j\dom4j\2.1.1\dom4j-2.1.1.jar;D:\maven_jar\org\hibernate\common\hibernate-commons-annotations\5.0.4.Final\hibernate-commons-annotations-5.0.4.Final.jar;D:\maven_jar\org\springframework\data\spring-data-jpa\2.1.5.RELEASE\spring-data-jpa-2.1.5.RELEASE.jar;D:\maven_jar\org\springframework\data\spring-data-commons\2.1.5.RELEASE\spring-data-commons-2.1.5.RELEASE.jar;D:\maven_jar\org\springframework\spring-orm\5.1.5.RELEASE\spring-orm-5.1.5.RELEASE.jar;D:\maven_jar\org\springframework\spring-tx\5.1.5.RELEASE\spring-tx-5.1.5.RELEASE.jar;D:\maven_jar\org\slf4j\slf4j-api\1.7.25\slf4j-api-1.7.25.jar;D:\maven_jar\org\springframework\spring-aspects\5.1.5.RELEASE\spring-aspects-5.1.5.RELEASE.jar;D:\maven_jar\org\springframework\boot\spring-boot-starter-web\2.1.3.RELEASE\spring-boot-starter-web-2.1.3.RELEASE.jar;D:\maven_jar\org\springframework\boot\spring-boot-starter\2.1.3.RELEASE\spring-boot-starter-2.1.3.RELEASE.jar;D:\maven_jar\org\springframework\boot\spring-boot\2.1.3.RELEASE\spring-boot-2.1.3.RELEASE.jar;D:\maven_jar\org\springframework\boot\spring-boot-autoconfigure\2.1.3.RELEASE\spring-boot-autoconfigure-2.1.3.RELEASE.jar;D:\maven_jar\javax\annotation\javax.annotation-api\1.3.2\javax.annotation-api-1.3.2.jar;D:\maven_jar\org\yaml\snakeyaml\1.23\snakeyaml-1.23.jar;D:\maven_jar\org\springframework\boot\spring-boot-starter-json\2.1.3.RELEASE\spring-boot-starter-json-2.1.3.RELEASE.jar;D:\maven_jar\com\fasterxml\jackson\core\jackson-databind\2.9.8\jackson-databind-2.9.8.jar;D:\maven_jar\com\fasterxml\jackson\core\jackson-annotations\2.9.0\jackson-annotations-2.9.0.jar;D:\maven_jar\com\fasterxml\jackson\core\jackson-core\2.9.8\jackson-core-2.9.8.jar;D:\maven_jar\com\fasterxml\jackson\datatype\jackson-datatype-jdk8\2.9.8\jackson-datatype-jdk8-2.9.8.jar;D:\maven_jar\com\fasterxml\jackson\datatype\jackson-datatype-jsr310\2.9.8\jackson-datatype-jsr310-2.9.8.jar;D:\maven_jar\com\fasterxml\jackson\module\jackson-module-parameter-names\2.9.8\jackson-module-parameter-names-2.9.8.jar;D:\maven_jar\org\springframework\boot\spring-boot-starter-tomcat\2.1.3.RELEASE\spring-boot-starter-tomcat-2.1.3.RELEASE.jar;D:\maven_jar\org\apache\tomcat\embed\tomcat-embed-core\9.0.16\tomcat-embed-core-9.0.16.jar;D:\maven_jar\org\apache\tomcat\embed\tomcat-embed-el\9.0.16\tomcat-embed-el-9.0.16.jar;D:\maven_jar\org\apache\tomcat\embed\tomcat-embed-websocket\9.0.16\tomcat-embed-websocket-9.0.16.jar;D:\maven_jar\org\hibernate\validator\hibernate-validator\6.0.14.Final\hibernate-validator-6.0.14.Final.jar;D:\maven_jar\javax\validation\validation-api\2.0.1.Final\validation-api-2.0.1.Final.jar;D:\maven_jar\org\springframework\spring-web\5.1.5.RELEASE\spring-web-5.1.5.RELEASE.jar;D:\maven_jar\org\springframework\spring-webmvc\5.1.5.RELEASE\spring-webmvc-5.1.5.RELEASE.jar;D:\maven_jar\org\springframework\spring-expression\5.1.5.RELEASE\spring-expression-5.1.5.RELEASE.jar;D:\maven_jar\mysql\mysql-connector-java\8.0.15\mysql-connector-java-8.0.15.jar;D:\maven_jar\org\springframework\boot\spring-boot-starter-logging\2.1.3.RELEASE\spring-boot-starter-logging-2.1.3.RELEASE.jar;D:\maven_jar\ch\qos\logback\logback-classic\1.2.3\logback-classic-1.2.3.jar;D:\maven_jar\ch\qos\logback\logback-core\1.2.3\logback-core-1.2.3.jar;D:\maven_jar\org\apache\logging\log4j\log4j-to-slf4j\2.11.2\log4j-to-slf4j-2.11.2.jar;D:\maven_jar\org\apache\logging\log4j\log4j-api\2.11.2\log4j-api-2.11.2.jar;D:\maven_jar\org\slf4j\jul-to-slf4j\1.7.25\jul-to-slf4j-1.7.25.jar;D:\maven_jar\org\projectlombok\lombok\1.18.6\lombok-1.18.6.jar;D:\maven_jar\com\alibaba\fastjson\1.2.56\fastjson-1.2.56.jar;D:\maven_jar\org\springframework\boot\spring-boot-starter-test\2.1.3.RELEASE\spring-boot-starter-test-2.1.3.RELEASE.jar;D:\maven_jar\org\springframework\boot\spring-boot-test\2.1.3.RELEASE\spring-boot-test-2.1.3.RELEASE.jar;D:\maven_jar\org\springframework\boot\spring-boot-test-autoconfigure\2.1.3.RELEASE\spring-boot-test-autoconfigure-2.1.3.RELEASE.jar;D:\maven_jar\com\jayway\jsonpath\json-path\2.4.0\json-path-2.4.0.jar;D:\maven_jar\net\minidev\json-smart\2.3\json-smart-2.3.jar;D:\maven_jar\net\minidev\accessors-smart\1.2\accessors-smart-1.2.jar;D:\maven_jar\org\ow2\asm\asm\5.0.4\asm-5.0.4.jar;D:\maven_jar\junit\junit\4.12\junit-4.12.jar;D:\maven_jar\org\assertj\assertj-core\3.11.1\assertj-core-3.11.1.jar;D:\maven_jar\org\mockito\mockito-core\2.23.4\mockito-core-2.23.4.jar;D:\maven_jar\net\bytebuddy\byte-buddy-agent\1.9.10\byte-buddy-agent-1.9.10.jar;D:\maven_jar\org\objenesis\objenesis\2.6\objenesis-2.6.jar;D:\maven_jar\org\hamcrest\hamcrest-core\1.3\hamcrest-core-1.3.jar;D:\maven_jar\org\hamcrest\hamcrest-library\1.3\hamcrest-library-1.3.jar;D:\maven_jar\org\skyscreamer\jsonassert\1.5.0\jsonassert-1.5.0.jar;D:\maven_jar\com\vaadin\external\google\android-json\0.0.20131108.vaadin1\android-json-0.0.20131108.vaadin1.jar;D:\maven_jar\org\springframework\spring-core\5.1.5.RELEASE\spring-core-5.1.5.RELEASE.jar;D:\maven_jar\org\springframework\spring-jcl\5.1.5.RELEASE\spring-jcl-5.1.5.RELEASE.jar;D:\maven_jar\org\springframework\spring-test\5.1.5.RELEASE\spring-test-5.1.5.RELEASE.jar;D:\maven_jar\org\xmlunit\xmlunit-core\2.6.2\xmlunit-core-2.6.2.jar;D:\maven_jar\org\apache\commons\commons-lang3\3.8.1\commons-lang3-3.8.1.jar;D:\maven_jar\commons-io\commons-io\2.4\commons-io-2.4.jar;D:\maven_jar\commons-collections\commons-collections\3.2.1\commons-collections-3.2.1.jar;D:\maven_jar\org\springframework\spring-context-support\5.1.5.RELEASE\spring-context-support-5.1.5.RELEASE.jar;D:\maven_jar\org\springframework\spring-beans\5.1.5.RELEASE\spring-beans-5.1.5.RELEASE.jar;D:\maven_jar\org\springframework\spring-context\5.1.5.RELEASE\spring-context-5.1.5.RELEASE.jar;"/>
    <property name="sun.cpu.endian" value="little"/>
    <property name="user.home" value="C:\Users\long.chen"/>
    <property name="user.language" value="zh"/>
    <property name="java.specification.vendor" value="Oracle Corporation"/>
    <property name="java.home" value="C:\Program Files\Java\jdk1.8.0_181\jre"/>
    <property name="basedir" value="D:\workspace-mall\WOOL"/>
    <property name="file.separator" value="\"/>
    <property name="line.separator" value="&#10;"/>
    <property name="java.vm.specification.vendor" value="Oracle Corporation"/>
    <property name="java.specification.name" value="Java Platform API Specification"/>
    <property name="java.awt.graphicsenv" value="sun.awt.Win32GraphicsEnvironment"/>
    <property name="surefire.real.class.path" value="C:\Users\LONG~1.CHE\AppData\Local\Temp\surefire7967531872089168768\surefirebooter8017950986205136589.jar"/>
    <property name="sun.boot.class.path" value="C:\Program Files\Java\jdk1.8.0_181\jre\lib\resources.jar;C:\Program Files\Java\jdk1.8.0_181\jre\lib\rt.jar;C:\Program Files\Java\jdk1.8.0_181\jre\lib\sunrsasign.jar;C:\Program Files\Java\jdk1.8.0_181\jre\lib\jsse.jar;C:\Program Files\Java\jdk1.8.0_181\jre\lib\jce.jar;C:\Program Files\Java\jdk1.8.0_181\jre\lib\charsets.jar;C:\Program Files\Java\jdk1.8.0_181\jre\lib\jfr.jar;C:\Program Files\Java\jdk1.8.0_181\jre\classes"/>
    <property name="user.script" value=""/>
    <property name="sun.management.compiler" value="HotSpot 64-Bit Tiered Compilers"/>
    <property name="java.runtime.version" value="1.8.0_181-b13"/>
    <property name="user.name" value="long.chen"/>
    <property name="path.separator" value=";"/>
    <property name="os.version" value="10.0"/>
    <property name="java.endorsed.dirs" value="C:\Program Files\Java\jdk1.8.0_181\jre\lib\endorsed"/>
    <property name="java.runtime.name" value="Java(TM) SE Runtime Environment"/>
    <property name="file.encoding" value="GBK"/>
    <property name="java.vm.name" value="Java HotSpot(TM) 64-Bit Server VM"/>
    <property name="localRepository" value="D:\maven_jar"/>
    <property name="java.vendor.url.bug" value="http://bugreport.sun.com/bugreport/"/>
    <property name="java.io.tmpdir" value="C:\Users\LONG~1.CHE\AppData\Local\Temp\"/>
    <property name="java.version" value="1.8.0_181"/>
    <property name="user.dir" value="D:\workspace-mall\WOOL"/>
    <property name="os.arch" value="amd64"/>
    <property name="java.vm.specification.name" value="Java Virtual Machine Specification"/>
    <property name="java.awt.printerjob" value="sun.awt.windows.WPrinterJob"/>
    <property name="sun.os.patch.level" value=""/>
    <property name="java.library.path" value="C:\Program Files\Java\jdk1.8.0_181\jre\bin;C:\windows\Sun\Java\bin;C:\windows\system32;C:\windows;C:/Program Files/Java/jdk1.8.0_181/bin/../jre/bin/server;C:/Program Files/Java/jdk1.8.0_181/bin/../jre/bin;C:/Program Files/Java/jdk1.8.0_181/bin/../jre/lib/amd64;C:\Program Files\TortoiseGit\bin;C:\Program Files\Java\jdk1.8.0_181\bin;D:\mysql5.6\mysql-5.6.42\bin;D:\apache-maven-3.5.4\bin;C:\Program Files\Microsoft VS Code\bin;C:\hadoop\hadoop-common-2.2.0-bin-master\bin;C:\Program Files\nodejs\;C:\Program Files\MongoDB\Server\4.0\bin;C:\Users\long.chen\AppData\Local\Programs\Python\Python37\Scripts\;C:\Users\long.chen\AppData\Local\Programs\Python\Python37\;C:\Users\long.chen\AppData\Local\Microsoft\WindowsApps;C:\Users\long.chen\AppData\Local\Programs\Git\cmd;c:\windows\system32;d:\Fiddler;C:\Users\long.chen\AppData\Roaming\npm;C:\Users\long.chen\AppData\Local\Programs\Microsoft VS Code\bin;D:\phpStudy\PHPTutorial\nginx;;D:\eclipse\eclipse;;."/>
    <property name="java.vm.info" value="mixed mode"/>
    <property name="java.vendor" value="Oracle Corporation"/>
    <property name="java.vm.version" value="25.181-b13"/>
    <property name="java.ext.dirs" value="C:\Program Files\Java\jdk1.8.0_181\jre\lib\ext;C:\windows\Sun\Java\lib\ext"/>
    <property name="sun.io.unicode.encoding" value="UnicodeLittle"/>
    <property name="java.class.version" value="52.0"/>
  </properties>
  <testcase name="initializationError" classname="com.example.demo.JpaCaseApplicationTests" time="0.006">
    <error message="No runnable methods" type="java.lang.Exception">java.lang.Exception: No runnable methods
</error>
  </testcase>
</testsuite>